2025-09-09 16:54:00 | INFO | repo=photostock | action=pull
2025-02-21 21:09:00 | WARN | repo=photostock | action=edit | files=5
2025-03-04 16:11:00 | WARN | repo=photostock | action=edit | files=5
2025-02-19 21:37:00 | WARN | repo=photostock | action=commit
2025-04-14 07:10:00 | DEBUG | repo=photostock | action=edit | files=2
2025-05-13 21:18:00 | WARN | repo=photostock | action=commit
2025-09-18 15:21:00 | INFO | repo=photostock | action=commit
2025-05-26 07:36:00 | INFO | repo=photostock | action=test | passed=true
2025-01-06 17:05:00 | INFO | repo=photostock | action=commit
2025-12-19 18:19:00 | DEBUG | repo=photostock | action=commit
2025-01-12 07:27:00 | DEBUG | repo=photostock | action=pull
2025-11-09 13:45:00 | DEBUG | repo=photostock | action=test | passed=true
2025-05-18 09:43:00 | WARN | repo=photostock | action=edit | files=1
2025-05-28 14:21:00 | WARN | repo=photostock | action=commit
2025-12-02 16:58:00 | INFO | repo=photostock | action=commit
2025-02-13 14:24:00 | WARN | repo=photostock | action=commit
2025-02-11 08:54:00 | INFO | repo=photostock | action=commit
2025-06-25 21:08:00 | WARN | repo=photostock | action=commit
2025-02-11 20:53:00 | WARN | repo=photostock | action=commit
2025-10-23 08:59:00 | DEBUG | repo=photostock | action=commit
2025-10-20 09:55:00 | WARN | repo=photostock | action=pull
2025-07-05 11:47:00 | INFO | repo=photostock | action=commit
2025-02-27 11:02:00 | WARN | repo=photostock | action=pull
2025-06-23 17:31:00 | INFO | repo=photostock | action=edit | files=4
2025-06-01 13:32:00 | WARN | repo=photostock | action=test | passed=true
2025-02-25 17:59:00 | DEBUG | repo=photostock | action=commit
2025-07-20 19:48:00 | WARN | repo=photostock | action=commit
2025-10-05 08:57:00 | INFO | repo=photostock | action=edit | files=2
2025-02-20 15:04:00 | WARN | repo=photostock | action=edit | files=5
2025-06-04 16:00:00 | DEBUG | repo=photostock | action=commit
2025-11-27 13:32:00 | DEBUG | repo=photostock | action=commit
2025-11-19 09:54:00 | WARN | repo=photostock | action=pull
2025-02-16 20:54:00 | WARN | repo=photostock | action=pull
2025-09-02 10:17:00 | WARN | repo=photostock | action=pull
2025-09-02 10:12:00 | DEBUG | repo=photostock | action=commit
2025-07-11 11:29:00 | WARN | repo=photostock | action=commit
2025-10-10 17:50:00 | INFO | repo=photostock | action=commit
2025-05-03 15:23:00 | DEBUG | repo=photostock | action=edit | files=5
2025-09-15 14:12:00 | INFO | repo=photostock | action=pull
2025-11-16 20:49:00 | DEBUG | repo=photostock | action=test | passed=true
2025-06-02 12:43:00 | INFO | repo=photostock | action=commit
2025-06-20 18:03:00 | DEBUG | repo=photostock | action=test | passed=true
2025-12-20 20:53:00 | DEBUG | repo=photostock | action=commit
2025-10-07 21:18:00 | WARN | repo=photostock | action=commit
2025-06-05 09:51:00 | DEBUG | repo=photostock | action=commit
2025-06-26 15:00:00 | WARN | repo=photostock | action=commit
2025-10-17 07:47:00 | INFO | repo=photostock | action=commit
2025-07-15 07:14:00 | WARN | repo=photostock | action=commit
2025-11-26 09:22:00 | WARN | repo=photostock | action=commit
2025-05-14 18:19:00 | INFO | repo=photostock | action=test | passed=true
2025-01-06 14:04:00 | DEBUG | repo=photostock | action=commit
2025-03-27 07:33:00 | INFO | repo=photostock | action=test | passed=true
2025-02-08 08:35:00 | DEBUG | repo=photostock | action=commit
2025-05-23 09:12:00 | DEBUG | repo=photostock | action=commit
2025-09-14 19:19:00 | DEBUG | repo=photostock | action=commit
2025-08-22 12:20:00 | DEBUG | repo=photostock | action=test | passed=true
2025-11-22 12:40:00 | DEBUG | repo=photostock | action=commit
2025-04-06 07:31:00 | DEBUG | repo=photostock | action=pull
2025-08-13 20:46:00 | INFO | repo=photostock | action=commit
2025-11-14 09:36:00 | DEBUG | repo=photostock | action=commit
2025-11-19 19:14:00 | WARN | repo=photostock | action=pull
2025-10-07 21:16:00 | DEBUG | repo=photostock | action=commit
2025-08-05 18:48:00 | WARN | repo=photostock | action=commit
2025-11-03 18:19:00 | WARN | repo=photostock | action=commit
2025-12-21 07:01:00 | DEBUG | repo=photostock | action=commit
2025-01-17 17:58:00 | WARN | repo=photostock | action=edit | files=4
2025-04-25 19:35:00 | DEBUG | repo=photostock | action=edit | files=3
2025-08-15 15:05:00 | WARN | repo=photostock | action=commit
2025-03-11 09:11:00 | DEBUG | repo=photostock | action=edit | files=2
2025-10-28 14:30:00 | WARN | repo=photostock | action=commit
2025-09-16 13:38:00 | DEBUG | repo=photostock | action=commit
2025-03-12 20:52:00 | INFO | repo=photostock | action=commit
2025-08-24 13:05:00 | DEBUG | repo=photostock | action=pull
2025-11-02 13:46:00 | DEBUG | repo=photostock | action=pull
2025-06-18 15:46:00 | DEBUG | repo=photostock | action=edit | files=5
2025-10-15 14:40:00 | INFO | repo=photostock | action=commit
2025-12-23 15:50:00 | DEBUG | repo=photostock | action=pull
2025-10-04 10:12:00 | INFO | repo=photostock | action=commit
2025-11-04 11:58:00 | DEBUG | repo=photostock | action=pull
2025-03-16 07:30:00 | DEBUG | repo=photostock | action=test | passed=true
2025-08-28 20:40:00 | WARN | repo=photostock | action=edit | files=3
2025-08-07 11:11:00 | DEBUG | repo=photostock | action=commit
2025-07-15 18:25:00 | WARN | repo=photostock | action=commit
2025-05-11 08:30:00 | WARN | repo=photostock | action=commit
2025-04-02 19:46:00 | INFO | repo=photostock | action=commit
2025-07-22 10:59:00 | DEBUG | repo=photostock | action=test | passed=true
2025-01-12 08:01:00 | DEBUG | repo=photostock | action=commit
2025-01-10 11:54:00 | WARN | repo=photostock | action=commit
2025-10-03 10:33:00 | DEBUG | repo=photostock | action=commit
2025-05-08 17:23:00 | DEBUG | repo=photostock | action=commit
2025-02-28 18:44:00 | WARN | repo=photostock | action=commit
2025-08-19 18:54:00 | DEBUG | repo=photostock | action=commit
2025-10-23 17:16:00 | WARN | repo=photostock | action=commit
2025-03-16 08:55:00 | DEBUG | repo=photostock | action=commit
2025-04-18 07:09:00 | INFO | repo=photostock | action=commit
2025-09-17 12:59:00 | WARN | repo=photostock | action=commit
2025-05-09 21:37:00 | DEBUG | repo=photostock | action=commit
2025-03-03 14:25:00 | INFO | repo=photostock | action=commit
2025-06-03 16:00:00 | INFO | repo=photostock | action=commit
2025-02-23 20:55:00 | INFO | repo=photostock | action=edit | files=3
2025-03-15 15:29:00 | WARN | repo=photostock | action=commit
2025-05-18 08:30:00 | WARN | repo=photostock | action=commit
2025-12-23 21:53:00 | DEBUG | repo=photostock | action=test | passed=true
2025-06-17 19:03:00 | DEBUG | repo=photostock | action=commit
2025-06-15 17:47:00 | INFO | repo=photostock | action=commit
2025-07-12 18:51:00 | INFO | repo=photostock | action=commit
2025-06-13 10:37:00 | INFO | repo=photostock | action=commit
2025-12-20 14:52:00 | WARN | repo=photostock | action=commit
2025-07-10 20:45:00 | INFO | repo=photostock | action=edit | files=1
2025-02-15 17:26:00 | INFO | repo=photostock | action=pull
2025-04-18 12:05:00 | DEBUG | repo=photostock | action=pull
2025-11-11 07:22:00 | DEBUG | repo=photostock | action=commit
2025-02-02 08:48:00 | INFO | repo=photostock | action=commit
2025-08-16 15:25:00 | WARN | repo=photostock | action=test | passed=true
2025-08-20 13:17:00 | DEBUG | repo=photostock | action=commit
2025-05-15 20:59:00 | DEBUG | repo=photostock | action=edit | files=5
2025-07-13 07:33:00 | DEBUG | repo=photostock | action=commit
2025-06-20 13:59:00 | WARN | repo=photostock | action=commit
2025-06-07 16:40:00 | INFO | repo=photostock | action=pull
2025-05-07 17:14:00 | WARN | repo=photostock | action=test | passed=true
2025-05-24 12:47:00 | DEBUG | repo=photostock | action=commit
2025-04-25 07:06:00 | INFO | repo=photostock | action=test | passed=true
2025-04-25 19:51:00 | INFO | repo=photostock | action=commit
2025-11-27 16:06:00 | WARN | repo=photostock | action=commit
2025-11-21 11:14:00 | DEBUG | repo=photostock | action=commit
2026-05-03 16:09:00 | INFO | repo=photostock | action=commit
2026-07-08 07:08:00 | INFO | repo=photostock | action=edit | files=4
2026-02-01 10:35:00 | WARN | repo=photostock | action=commit
2026-03-17 15:38:00 | WARN | repo=photostock | action=commit
2026-01-02 18:41:00 | INFO | repo=photostock | action=commit
2026-02-19 18:19:00 | WARN | repo=photostock | action=commit
2026-02-27 07:07:00 | INFO | repo=photostock | action=commit
2026-06-02 20:27:00 | DEBUG | repo=photostock | action=commit
2026-08-14 09:33:00 | INFO | repo=photostock | action=commit
2026-10-12 11:16:00 | WARN | repo=photostock | action=pull
2026-08-01 16:57:00 | DEBUG | repo=photostock | action=commit
2026-02-07 20:11:00 | INFO | repo=photostock | action=commit
2026-05-24 07:28:00 | INFO | repo=photostock | action=commit
2026-03-09 11:19:00 | INFO | repo=photostock | action=pull
2026-01-07 11:46:00 | WARN | repo=photostock | action=commit
2026-05-19 11:15:00 | DEBUG | repo=photostock | action=edit | files=3
2026-02-15 08:04:00 | INFO | repo=photostock | action=commit
2026-11-13 15:27:00 | INFO | repo=photostock | action=commit
2026-06-26 18:39:00 | INFO | repo=photostock | action=pull
2026-03-19 18:28:00 | INFO | repo=photostock | action=commit
2026-06-06 09:47:00 | WARN | repo=photostock | action=commit
2026-09-23 08:25:00 | WARN | repo=photostock | action=commit
2026-10-03 12:57:00 | INFO | repo=photostock | action=commit
2026-08-09 08:40:00 | WARN | repo=photostock | action=commit
2026-08-01 20:40:00 | DEBUG | repo=photostock | action=commit
2025-02-11 10:33:00 | WARN | repo=photostock | action=commit
2025-01-08 15:15:00 | WARN | repo=photostock | action=commit
2025-12-28 10:55:00 | WARN | repo=photostock | action=commit
2025-11-26 12:48:00 | DEBUG | repo=photostock | action=commit
2025-10-27 21:37:00 | WARN | repo=photostock | action=commit
2025-06-12 21:57:00 | WARN | repo=photostock | action=pull
2025-06-01 08:38:00 | INFO | repo=photostock | action=pull
2025-06-26 13:51:00 | WARN | repo=photostock | action=commit
2025-10-17 10:09:00 | DEBUG | repo=photostock | action=commit
2025-05-27 07:17:00 | WARN | repo=photostock | action=commit
2025-09-07 07:56:00 | WARN | repo=photostock | action=test | passed=true
2025-08-03 08:39:00 | WARN | repo=photostock | action=test | passed=true
2025-11-26 13:19:00 | INFO | repo=photostock | action=commit
2025-01-25 19:33:00 | WARN | repo=photostock | action=commit
2025-08-27 19:01:00 | WARN | repo=photostock | action=commit
2025-09-23 08:13:00 | INFO | repo=photostock | action=commit
2025-11-11 14:41:00 | WARN | repo=photostock | action=commit
2025-01-27 15:57:00 | WARN | repo=photostock | action=commit
2025-02-26 18:43:00 | DEBUG | repo=photostock | action=commit
2025-05-08 17:53:00 | INFO | repo=photostock | action=test | passed=true
2025-08-06 09:00:00 | WARN | repo=photostock | action=pull
2025-11-18 17:58:00 | WARN | repo=photostock | action=commit
2025-04-10 17:25:00 | WARN | repo=photostock | action=commit
2025-02-17 21:23:00 | WARN | repo=photostock | action=commit
2025-05-04 20:24:00 | DEBUG | repo=photostock | action=commit
2025-02-14 08:28:00 | DEBUG | repo=photostock | action=commit
2025-02-05 07:56:00 | INFO | repo=photostock | action=test | passed=true
2025-04-18 07:49:00 | WARN | repo=photostock | action=commit
2025-10-25 20:53:00 | INFO | repo=photostock | action=commit
2025-10-16 07:28:00 | DEBUG | repo=photostock | action=commit
2025-03-20 19:10:00 | WARN | repo=photostock | action=edit | files=1
2025-09-11 12:28:00 | DEBUG | repo=photostock | action=commit
2025-11-01 11:42:00 | WARN | repo=photostock | action=commit
2025-01-15 10:43:00 | DEBUG | repo=photostock | action=commit
2025-05-06 10:01:00 | WARN | repo=photostock | action=commit
2025-10-11 10:58:00 | INFO | repo=photostock | action=pull
2025-01-06 13:40:00 | INFO | repo=photostock | action=pull
2025-07-19 15:33:00 | INFO | repo=photostock | action=commit
2025-04-04 13:43:00 | INFO | repo=photostock | action=commit
2025-04-02 07:02:00 | DEBUG | repo=photostock | action=commit
2025-01-23 14:32:00 | WARN | repo=photostock | action=commit
2025-03-04 17:56:00 | DEBUG | repo=photostock | action=commit
2025-11-03 19:02:00 | WARN | repo=photostock | action=commit
2025-03-16 18:18:00 | DEBUG | repo=photostock | action=commit
2025-04-18 12:54:00 | DEBUG | repo=photostock | action=edit | files=5
2025-01-01 12:40:00 | WARN | repo=photostock | action=commit
2025-02-17 12:48:00 | INFO | repo=photostock | action=pull
2025-03-28 21:08:00 | DEBUG | repo=photostock | action=commit
2025-02-10 20:08:00 | WARN | repo=photostock | action=pull
2025-06-15 10:16:00 | INFO | repo=photostock | action=test | passed=true
2025-06-03 11:34:00 | WARN | repo=photostock | action=commit
2025-08-08 10:12:00 | DEBUG | repo=photostock | action=pull
2025-10-23 18:02:00 | INFO | repo=photostock | action=edit | files=2
2025-06-28 08:26:00 | DEBUG | repo=photostock | action=commit
2025-09-27 21:55:00 | INFO | repo=photostock | action=edit | files=1
2025-12-22 10:09:00 | INFO | repo=photostock | action=commit
2025-02-16 08:00:00 | DEBUG | repo=photostock | action=commit
2025-05-13 16:09:00 | INFO | repo=photostock | action=commit
2025-11-27 18:07:00 | INFO | repo=photostock | action=commit
2025-02-20 14:34:00 | WARN | repo=photostock | action=commit
2025-09-16 18:26:00 | INFO | repo=photostock | action=commit
2025-12-21 19:12:00 | WARN | repo=photostock | action=commit
2025-08-07 08:03:00 | DEBUG | repo=photostock | action=commit
2025-10-22 13:53:00 | DEBUG | repo=photostock | action=commit
2025-10-09 20:31:00 | WARN | repo=photostock | action=commit
2025-08-22 15:24:00 | DEBUG | repo=photostock | action=test | passed=true
2025-02-01 13:35:00 | WARN | repo=photostock | action=test | passed=true
2025-10-24 15:56:00 | DEBUG | repo=photostock | action=commit
2025-10-12 17:48:00 | INFO | repo=photostock | action=pull
2025-09-20 18:51:00 | DEBUG | repo=photostock | action=edit | files=4
2025-07-01 07:17:00 | INFO | repo=photostock | action=commit
2025-05-25 16:43:00 | DEBUG | repo=photostock | action=commit
2025-12-10 07:18:00 | WARN | repo=photostock | action=test | passed=true
2025-08-12 08:21:00 | WARN | repo=photostock | action=commit
2025-02-02 14:57:00 | DEBUG | repo=photostock | action=commit
2025-09-22 11:26:00 | INFO | repo=photostock | action=edit | files=3
2025-12-27 07:55:00 | INFO | repo=photostock | action=commit
2025-08-15 16:02:00 | DEBUG | repo=photostock | action=commit
2024-08-10 15:52:00 | WARN | repo=photostock | action=pull
2025-09-07 12:22:00 | DEBUG | repo=photostock | action=commit
2025-11-20 18:31:00 | INFO | repo=photostock | action=pull
2025-01-21 18:41:00 | INFO | repo=photostock | action=edit | files=1
2024-09-16 18:13:00 | DEBUG | repo=photostock | action=edit | files=3
2024-11-17 21:41:00 | WARN | repo=photostock | action=commit
2025-09-27 09:17:00 | DEBUG | repo=photostock | action=commit
2025-12-02 21:13:00 | WARN | repo=photostock | action=commit
2025-10-14 07:56:00 | DEBUG | repo=photostock | action=commit
2025-11-26 16:04:00 | INFO | repo=photostock | action=commit
2025-09-20 21:34:00 | WARN | repo=photostock | action=commit
2024-05-06 17:05:00 | DEBUG | repo=photostock | action=commit
2024-09-03 17:47:00 | INFO | repo=photostock | action=commit
2025-08-19 08:43:00 | WARN | repo=photostock | action=commit
2025-12-20 14:06:00 | INFO | repo=photostock | action=edit | files=1
2024-02-12 09:25:00 | INFO | repo=photostock | action=commit
2025-02-24 09:25:00 | INFO | repo=photostock | action=commit
2024-11-26 19:48:00 | INFO | repo=photostock | action=commit
2024-05-16 17:48:00 | INFO | repo=photostock | action=pull
2024-06-09 16:44:00 | DEBUG | repo=photostock | action=commit
2024-12-27 07:04:00 | WARN | repo=photostock | action=commit
2024-04-06 10:47:00 | DEBUG | repo=photostock | action=commit
2025-03-25 10:51:00 | DEBUG | repo=photostock | action=commit
2024-05-11 17:19:00 | WARN | repo=photostock | action=pull
2024-09-08 21:29:00 | INFO | repo=photostock | action=commit
2024-10-19 16:58:00 | DEBUG | repo=photostock | action=edit | files=3
2024-06-06 21:31:00 | WARN | repo=photostock | action=commit
2025-12-09 07:26:00 | WARN | repo=photostock | action=commit
2024-11-08 07:42:00 | WARN | repo=photostock | action=commit
2024-11-09 19:09:00 | WARN | repo=photostock | action=commit
2024-12-16 11:57:00 | WARN | repo=photostock | action=edit | files=5
2024-07-03 17:59:00 | WARN | repo=photostock | action=commit
2024-05-08 08:31:00 | WARN | repo=photostock | action=commit
2025-01-09 09:21:00 | INFO | repo=photostock | action=commit
2024-06-17 13:55:00 | WARN | repo=photostock | action=pull
2025-03-06 08:05:00 | INFO | repo=photostock | action=edit | files=1
2025-01-22 21:29:00 | INFO | repo=photostock | action=commit
2024-12-12 07:46:00 | DEBUG | repo=photostock | action=test | passed=true
2025-04-01 07:51:00 | DEBUG | repo=photostock | action=test | passed=true
2025-04-01 19:14:00 | WARN | repo=photostock | action=pull
2024-10-02 16:22:00 | WARN | repo=photostock | action=commit
2024-04-05 12:44:00 | DEBUG | repo=photostock | action=edit | files=5
2025-05-17 07:15:00 | WARN | repo=photostock | action=commit
2025-09-14 12:12:00 | WARN | repo=photostock | action=commit
2025-01-22 11:14:00 | DEBUG | repo=photostock | action=pull
2024-03-17 13:54:00 | WARN | repo=photostock | action=commit
2024-09-01 19:44:00 | WARN | repo=photostock | action=commit
2025-04-05 08:37:00 | WARN | repo=photostock | action=edit | files=2
2024-10-20 18:30:00 | INFO | repo=photostock | action=edit | files=5
2025-01-28 12:35:00 | WARN | repo=photostock | action=commit
2025-02-13 17:27:00 | WARN | repo=photostock | action=commit
2025-05-17 20:15:00 | WARN | repo=photostock | action=test | passed=true
2025-08-11 15:30:00 | INFO | repo=photostock | action=commit
2025-05-28 14:53:00 | WARN | repo=photostock | action=commit
2025-05-16 12:27:00 | DEBUG | repo=photostock | action=edit | files=3
2025-12-09 18:38:00 | DEBUG | repo=photostock | action=commit
2025-02-11 16:00:00 | INFO | repo=photostock | action=commit
2025-10-05 16:05:00 | INFO | repo=photostock | action=commit
2025-12-22 12:01:00 | DEBUG | repo=photostock | action=commit
2025-04-19 21:43:00 | DEBUG | repo=photostock | action=commit
2025-01-26 16:05:00 | DEBUG | repo=photostock | action=pull
2025-10-17 12:51:00 | INFO | repo=photostock | action=commit
2025-07-12 15:30:00 | INFO | repo=photostock | action=commit
2025-01-17 10:04:00 | DEBUG | repo=photostock | action=commit
2025-11-15 15:48:00 | WARN | repo=photostock | action=test | passed=true
2025-03-18 20:34:00 | WARN | repo=photostock | action=pull
2025-11-21 12:22:00 | INFO | repo=photostock | action=commit
2025-08-01 11:53:00 | INFO | repo=photostock | action=commit
2025-06-06 07:53:00 | DEBUG | repo=photostock | action=commit
2025-05-20 14:53:00 | WARN | repo=photostock | action=commit
2025-05-26 07:02:00 | DEBUG | repo=photostock | action=test | passed=true
2025-09-06 08:03:00 | INFO | repo=photostock | action=commit
2025-02-12 14:43:00 | INFO | repo=photostock | action=commit
2025-03-23 15:36:00 | INFO | repo=photostock | action=commit
2025-04-20 13:45:00 | DEBUG | repo=photostock | action=pull
2025-07-06 12:40:00 | INFO | repo=photostock | action=commit
2025-07-14 16:39:00 | WARN | repo=photostock | action=commit
2025-11-02 16:44:00 | INFO | repo=photostock | action=commit
2025-12-09 08:06:00 | WARN | repo=photostock | action=edit | files=4
2025-08-14 09:47:00 | DEBUG | repo=photostock | action=commit
2025-04-15 14:46:00 | DEBUG | repo=photostock | action=pull
2025-04-21 18:58:00 | INFO | repo=photostock | action=commit
2025-12-23 11:36:00 | DEBUG | repo=photostock | action=commit
2025-01-25 07:38:00 | DEBUG | repo=photostock | action=pull
2025-04-13 07:44:00 | WARN | repo=photostock | action=commit
2025-10-09 16:59:00 | INFO | repo=photostock | action=commit
2025-03-20 15:16:00 | INFO | repo=photostock | action=commit
2025-12-23 21:38:00 | WARN | repo=photostock | action=commit
2025-11-01 12:43:00 | WARN | repo=photostock | action=commit
2025-02-03 15:17:00 | WARN | repo=photostock | action=pull
2025-11-05 20:10:00 | DEBUG | repo=photostock | action=commit
2025-05-06 18:57:00 | DEBUG | repo=photostock | action=pull
2025-07-27 09:13:00 | DEBUG | repo=photostock | action=test | passed=true
2025-02-01 16:01:00 | WARN | repo=photostock | action=commit
2025-02-03 10:21:00 | DEBUG | repo=photostock | action=commit
2025-10-22 14:02:00 | WARN | repo=photostock | action=commit
2025-01-25 12:13:00 | INFO | repo=photostock | action=edit | files=3
2025-11-15 14:40:00 | DEBUG | repo=photostock | action=pull
2025-12-23 13:18:00 | DEBUG | repo=photostock | action=commit
2025-12-22 18:34:00 | INFO | repo=photostock | action=edit | files=3
2025-04-10 07:35:00 | INFO | repo=photostock | action=edit | files=5
2025-08-26 11:51:00 | INFO | repo=photostock | action=commit
2025-07-03 11:44:00 | DEBUG | repo=photostock | action=commit
2025-11-25 21:01:00 | INFO | repo=photostock | action=commit
2025-11-10 10:58:00 | WARN | repo=photostock | action=commit
2025-03-18 14:39:00 | DEBUG | repo=photostock | action=pull
2025-08-23 09:02:00 | WARN | repo=photostock | action=commit
2025-02-28 20:20:00 | DEBUG | repo=photostock | action=commit
2025-06-05 11:28:00 | INFO | repo=photostock | action=commit
2025-11-03 07:01:00 | INFO | repo=photostock | action=commit
2025-09-25 19:44:00 | DEBUG | repo=photostock | action=commit
2025-08-13 21:47:00 | WARN | repo=photostock | action=commit
2025-05-10 18:39:00 | INFO | repo=photostock | action=commit
2025-11-08 15:19:00 | WARN | repo=photostock | action=commit
2025-06-13 09:01:00 | WARN | repo=photostock | action=commit
2025-12-27 16:49:00 | INFO | repo=photostock | action=commit
2025-01-17 11:30:00 | INFO | repo=photostock | action=commit
2025-06-20 18:40:00 | WARN | repo=photostock | action=commit
2025-05-14 20:38:00 | INFO | repo=photostock | action=commit
2025-03-20 07:31:00 | WARN | repo=photostock | action=edit | files=2
2025-10-13 17:48:00 | INFO | repo=photostock | action=test | passed=true
2025-10-06 07:29:00 | WARN | repo=photostock | action=commit
2025-05-11 21:46:00 | WARN | repo=photostock | action=commit
2025-01-14 12:15:00 | WARN | repo=photostock | action=test | passed=true
2025-12-09 19:58:00 | DEBUG | repo=photostock | action=commit
2025-06-27 15:11:00 | DEBUG | repo=photostock | action=edit | files=5
2025-09-18 19:10:00 | WARN | repo=photostock | action=commit
2025-11-23 21:14:00 | WARN | repo=photostock | action=commit
2025-08-05 10:37:00 | WARN | repo=photostock | action=edit | files=5
2025-05-05 15:24:00 | DEBUG | repo=photostock | action=commit
2025-02-09 09:48:00 | INFO | repo=photostock | action=commit
2025-08-16 17:43:00 | DEBUG | repo=photostock | action=commit
2025-02-17 10:05:00 | INFO | repo=photostock | action=commit
2025-08-11 16:50:00 | WARN | repo=photostock | action=commit
2025-01-18 21:12:00 | INFO | repo=photostock | action=commit
2025-11-25 07:04:00 | INFO | repo=photostock | action=commit
2025-10-27 07:06:00 | WARN | repo=photostock | action=test | passed=true
2025-08-15 07:41:00 | DEBUG | repo=photostock | action=commit
2025-05-14 12:35:00 | DEBUG | repo=photostock | action=commit
2025-09-02 10:21:00 | INFO | repo=photostock | action=commit
2025-12-08 14:12:00 | DEBUG | repo=photostock | action=commit
2025-12-28 19:05:00 | WARN | repo=photostock | action=commit
2025-08-18 10:42:00 | INFO | repo=photostock | action=commit
2025-04-20 15:52:00 | WARN | repo=photostock | action=commit
2025-02-07 14:01:00 | INFO | repo=photostock | action=commit
2025-09-21 17:42:00 | DEBUG | repo=photostock | action=pull
2025-09-15 08:26:00 | DEBUG | repo=photostock | action=commit
2025-07-13 13:49:00 | INFO | repo=photostock | action=commit
2025-04-27 07:31:00 | WARN | repo=photostock | action=commit
2025-09-14 10:50:00 | WARN | repo=photostock | action=commit
2025-01-23 20:17:00 | DEBUG | repo=photostock | action=test | passed=true
2025-12-14 10:23:00 | WARN | repo=photostock | action=commit
2025-09-09 10:15:00 | INFO | repo=photostock | action=pull
2025-12-11 14:46:00 | INFO | repo=photostock | action=test | passed=true
2025-01-25 16:11:00 | INFO | repo=photostock | action=edit | files=4
2025-05-08 07:39:00 | WARN | repo=photostock | action=commit
2025-11-09 10:00:00 | WARN | repo=photostock | action=test | passed=true
2025-12-20 09:40:00 | WARN | repo=photostock | action=pull
2025-12-04 11:43:00 | INFO | repo=photostock | action=edit | files=4
2025-03-22 07:13:00 | INFO | repo=photostock | action=commit
2025-09-28 09:56:00 | INFO | repo=photostock | action=commit
2025-08-11 07:31:00 | INFO | repo=photostock | action=commit
2025-10-25 08:42:00 | WARN | repo=photostock | action=commit
2025-01-08 08:52:00 | WARN | repo=photostock | action=commit
2025-04-03 12:01:00 | DEBUG | repo=photostock | action=edit | files=5
2025-01-08 16:57:00 | DEBUG | repo=photostock | action=commit
2025-03-02 19:58:00 | WARN | repo=photostock | action=commit
2025-03-02 19:44:00 | WARN | repo=photostock | action=pull
2025-11-20 21:51:00 | DEBUG | repo=photostock | action=commit
2025-08-08 17:48:00 | INFO | repo=photostock | action=pull
2025-09-25 12:56:00 | INFO | repo=photostock | action=test | passed=true
2025-01-05 08:04:00 | INFO | repo=photostock | action=commit
2025-07-03 07:38:00 | INFO | repo=photostock | action=commit
2025-09-21 16:29:00 | DEBUG | repo=photostock | action=commit
2025-08-27 09:36:00 | DEBUG | repo=photostock | action=test | passed=true
2025-01-17 19:38:00 | WARN | repo=photostock | action=commit
2025-07-11 18:00:00 | INFO | repo=photostock | action=commit
2025-09-06 11:12:00 | DEBUG | repo=photostock | action=test | passed=true
2025-09-14 19:00:00 | DEBUG | repo=photostock | action=commit
2025-09-27 10:35:00 | DEBUG | repo=photostock | action=commit
2025-02-07 18:18:00 | DEBUG | repo=photostock | action=commit
2025-04-13 12:56:00 | INFO | repo=photostock | action=pull
2025-12-24 21:26:00 | DEBUG | repo=photostock | action=edit | files=5
2025-08-23 13:40:00 | INFO | repo=photostock | action=edit | files=4
2025-12-26 15:29:00 | INFO | repo=photostock | action=test | passed=true
2025-05-16 11:39:00 | DEBUG | repo=photostock | action=pull
2025-04-10 08:22:00 | INFO | repo=photostock | action=commit
2025-07-01 18:57:00 | INFO | repo=photostock | action=commit
2025-10-28 09:59:00 | INFO | repo=photostock | action=pull
2025-10-17 17:49:00 | WARN | repo=photostock | action=edit | files=1
2025-10-07 10:39:00 | WARN | repo=photostock | action=commit
2025-03-02 11:14:00 | INFO | repo=photostock | action=commit
2025-06-27 08:16:00 | WARN | repo=photostock | action=commit
2025-11-26 13:05:00 | DEBUG | repo=photostock | action=commit
2025-12-06 08:44:00 | INFO | repo=photostock | action=commit
2025-05-21 21:42:00 | DEBUG | repo=photostock | action=commit
2025-05-06 17:53:00 | WARN | repo=photostock | action=commit
2025-02-18 07:41:00 | DEBUG | repo=photostock | action=edit | files=3
2025-08-21 18:35:00 | WARN | repo=photostock | action=commit
2025-11-10 07:22:00 | WARN | repo=photostock | action=test | passed=true
2025-08-20 12:32:00 | DEBUG | repo=photostock | action=commit
2025-09-12 08:25:00 | INFO | repo=photostock | action=commit
2025-11-07T17:36:00 | nonce=1660590080105601705
2025-11-27T14:47:00 | nonce=8874975570775783557
2025-12-02T17:40:00 | nonce=10088663202786490995
2025-08-06T18:40:00 | nonce=14978650432925145687
2025-01-27T20:31:00 | nonce=1411040123688742074
2025-10-23T20:21:00 | nonce=4202817697348918185
2025-07-05T15:40:00 | nonce=5789701796204707228
2025-11-01T14:36:00 | nonce=13082958237500685724
2025-02-08T11:41:00 | nonce=15459505768444487325
2025-08-27T15:05:00 | nonce=7709654940949706001
2025-01-06T13:29:00 | nonce=16222629522042650166
2025-09-26T09:31:00 | nonce=6033118639239361590
2025-02-09T15:58:00 | nonce=15788998856005466763
2025-05-08T14:07:00 | nonce=55759717033622111
2025-08-03T12:03:00 | nonce=13234860679014719681
2025-09-23T20:51:00 | nonce=14357013271068782753
2025-09-24T13:36:00 | nonce=16415833859134137706
2024-02-07T19:47:00 | nonce=11160224571698579057
2025-10-01T16:25:00 | nonce=15726377741783952430
2024-09-22T14:13:00 | nonce=6501423802227988879
2024-02-21T17:07:00 | nonce=8728751129861385823
2025-12-27T12:59:00 | nonce=18081950174910684688
2024-05-04T16:43:00 | nonce=17646604922446442162
2024-05-26T10:42:00 | nonce=12028161585859577735
2025-10-20T16:19:00 | nonce=7010772658461554623
2024-12-18T12:11:00 | nonce=13794486571084600415
2025-11-07T09:50:00 | nonce=11060241250419627286
2025-06-14T11:17:00 | nonce=10549557429974974379
2025-05-16T17:46:00 | nonce=10919165429567659753
2024-09-02T10:36:00 | nonce=17766636277076308845
2024-10-16T11:02:00 | nonce=2268708482379493293
2025-09-19T13:19:00 | nonce=2922225220780628252
2024-10-16T10:48:00 | nonce=16776541737808871491
2024-03-26T13:26:00 | nonce=3268267098815914090
2024-06-29T12:07:00 | nonce=17579491209847453272
2024-08-21T16:49:00 | nonce=18219323766701881308
2024-08-31T15:01:00 | nonce=8224522019653617495
2025-02-24T09:23:00 | nonce=4982496868158908114
2025-03-24T17:12:00 | nonce=5053562639462107859
2025-04-23T17:53:00 | nonce=15786323407618459303
2025-06-22T20:08:00 | nonce=7998556455714932461
2025-07-28T18:43:00 | nonce=13852333713554882032
2025-07-29T14:00:00 | nonce=12409003723021464473
2025-09-11T13:40:00 | nonce=8877117604688572776
2025-10-03T17:33:00 | nonce=11452749612314917328
2025-10-21T17:43:00 | nonce=5731432645529605626
2025-11-09T13:31:00 | nonce=10346710631030087100
2025-05-21T18:00:00 | nonce=10415585948758806603
2025-05-09T14:34:00 | nonce=5260186463601215857
2025-12-03T18:54:00 | nonce=4697765717699041170
2025-04-10T15:28:00 | nonce=17770619412506030038
2025-11-27T09:34:00 | nonce=9865033427108845192
2025-12-12T16:40:00 | nonce=11551300119478787698
2025-06-05T20:03:00 | nonce=14745130020277858211
2025-06-08T17:20:00 | nonce=17438862557467610077
2025-05-02T18:50:00 | nonce=13381237820264629550
2025-02-04T20:07:00 | nonce=4147564954728689646
2025-01-19T10:34:00 | nonce=13630816012391762308
2025-04-22T20:33:00 | nonce=7319673746636693503
2025-01-16T12:32:00 | nonce=17136177984373184601
2025-03-23T17:20:00 | nonce=17344227149932520299
2025-03-18T09:54:00 | nonce=5121117288344024375
2025-10-01T16:10:00 | nonce=17654692416047261601
2025-04-02T16:36:00 | nonce=11975364809018532207
2025-05-04T17:36:00 | nonce=17444418511514439039
2025-07-21T12:38:00 | nonce=11645569551613919059
2025-10-13T14:58:00 | nonce=2601480184617754617
